#################################################################
# If you used AutoDock Vina in your work, please cite:          #
#                                                               #
# O. Trott, A. J. Olson,                                        #
# AutoDock Vina: improving the speed and accuracy of docking    #
# with a new scoring function, efficient optimization and       #
# multithreading, Journal of Computational Chemistry 31 (2010)  #
# 455-461                                                       #
#                                                               #
# DOI 10.1002/jcc.21334                                         #
#                                                               #
# Please see http://vina.scripps.edu for more information.      #
#################################################################

Detected 8 CPUs
Reading input ... done.
Setting up the scoring function ... done.
Analyzing the binding site ... done.
Using random seed: 1083137630
Performing search ... done.
Refining results ... done.

mode |   affinity | dist from best mode
     | (kcal/mol) | rmsd l.b.| rmsd u.b.
-----+------------+----------+----------
   1         -1.8      0.000      0.000
   2         -1.5      1.408      2.089
   3         -1.5     29.609     40.529
   4         -1.5      1.554      2.355
   5         -1.3      5.619     18.784
   6         -1.0      6.246     18.735
   7         -0.7     29.491     40.572
   8         -0.5      1.895      2.422
   9          0.0      5.720     19.139
Writing output ... done.
