#################################################################
# If you used AutoDock Vina in your work, please cite:          #
#                                                               #
# O. Trott, A. J. Olson,                                        #
# AutoDock Vina: improving the speed and accuracy of docking    #
# with a new scoring function, efficient optimization and       #
# multithreading, Journal of Computational Chemistry 31 (2010)  #
# 455-461                                                       #
#                                                               #
# DOI 10.1002/jcc.21334                                         #
#                                                               #
# Please see http://vina.scripps.edu for more information.      #
#################################################################

Detected 8 CPUs
Reading input ... done.
Setting up the scoring function ... done.
Analyzing the binding site ... done.
Using random seed: -1799028472
Performing search ... done.
Refining results ... done.

mode |   affinity | dist from best mode
     | (kcal/mol) | rmsd l.b.| rmsd u.b.
-----+------------+----------+----------
   1         -1.8      0.000      0.000
   2         -1.7      5.701     22.701
   3         -1.7      6.642     22.685
   4         -1.3      2.542      3.512
   5         -1.3      5.637     20.370
   6         -0.9      5.183     21.312
   7         -0.9     14.801     29.985
   8         -0.4     15.733     29.452
   9         -0.4      5.388     20.630
Writing output ... done.
