#################################################################
# If you used AutoDock Vina in your work, please cite:          #
#                                                               #
# O. Trott, A. J. Olson,                                        #
# AutoDock Vina: improving the speed and accuracy of docking    #
# with a new scoring function, efficient optimization and       #
# multithreading, Journal of Computational Chemistry 31 (2010)  #
# 455-461                                                       #
#                                                               #
# DOI 10.1002/jcc.21334                                         #
#                                                               #
# Please see http://vina.scripps.edu for more information.      #
#################################################################

Detected 8 CPUs
Reading input ... done.
Setting up the scoring function ... done.
Analyzing the binding site ... done.
Using random seed: -20574272
Performing search ... done.
Refining results ... done.

mode |   affinity | dist from best mode
     | (kcal/mol) | rmsd l.b.| rmsd u.b.
-----+------------+----------+----------
   1         -1.5      0.000      0.000
   2         -0.9      3.052      6.932
   3         -0.7     10.588     19.302
   4         -0.2      4.936     12.822
   5         -0.1      6.422     13.216
   6         -0.1     12.979     22.640
   7         -0.0     10.565     17.452
   8         -0.0      9.625     17.873
   9          0.0      5.538     14.880
Writing output ... done.
