#################################################################
# If you used AutoDock Vina in your work, please cite:          #
#                                                               #
# O. Trott, A. J. Olson,                                        #
# AutoDock Vina: improving the speed and accuracy of docking    #
# with a new scoring function, efficient optimization and       #
# multithreading, Journal of Computational Chemistry 31 (2010)  #
# 455-461                                                       #
#                                                               #
# DOI 10.1002/jcc.21334                                         #
#                                                               #
# Please see http://vina.scripps.edu for more information.      #
#################################################################

Detected 8 CPUs
Reading input ... done.
Setting up the scoring function ... done.
Analyzing the binding site ... done.
Using random seed: 582239648
Performing search ... done.
Refining results ... done.

mode |   affinity | dist from best mode
     | (kcal/mol) | rmsd l.b.| rmsd u.b.
-----+------------+----------+----------
   1         -1.9      0.000      0.000
   2         -1.9      1.695      2.045
   3         -1.8      8.498     11.984
   4         -1.6     13.001     20.831
   5         -1.6     12.804     20.872
   6         -1.6      1.777      2.488
   7         -1.5     11.346     19.460
   8         -1.4     12.530     18.520
   9         -1.2      5.912      9.588
Writing output ... done.
