#################################################################
# If you used AutoDock Vina in your work, please cite:          #
#                                                               #
# O. Trott, A. J. Olson,                                        #
# AutoDock Vina: improving the speed and accuracy of docking    #
# with a new scoring function, efficient optimization and       #
# multithreading, Journal of Computational Chemistry 31 (2010)  #
# 455-461                                                       #
#                                                               #
# DOI 10.1002/jcc.21334                                         #
#                                                               #
# Please see http://vina.scripps.edu for more information.      #
#################################################################

Detected 8 CPUs
Reading input ... done.
Setting up the scoring function ... done.
Analyzing the binding site ... done.
Using random seed: 1865148035
Performing search ... done.
Refining results ... done.

mode |   affinity | dist from best mode
     | (kcal/mol) | rmsd l.b.| rmsd u.b.
-----+------------+----------+----------
   1         -1.8      0.000      0.000
   2         -1.6     35.716     43.085
   3         -1.5      3.934     13.528
   4         -1.4      3.164     11.678
   5         -1.4      2.217      2.973
   6         -1.3      3.658     13.059
   7         -1.0      2.710      3.798
   8         -1.0      3.233      3.621
   9         -0.8     16.192     25.410
Writing output ... done.
