#################################################################
# If you used AutoDock Vina in your work, please cite:          #
#                                                               #
# O. Trott, A. J. Olson,                                        #
# AutoDock Vina: improving the speed and accuracy of docking    #
# with a new scoring function, efficient optimization and       #
# multithreading, Journal of Computational Chemistry 31 (2010)  #
# 455-461                                                       #
#                                                               #
# DOI 10.1002/jcc.21334                                         #
#                                                               #
# Please see http://vina.scripps.edu for more information.      #
#################################################################

Detected 8 CPUs
Reading input ... done.
Setting up the scoring function ... done.
Analyzing the binding site ... done.
Using random seed: 1545485581
Performing search ... done.
Refining results ... done.

mode |   affinity | dist from best mode
     | (kcal/mol) | rmsd l.b.| rmsd u.b.
-----+------------+----------+----------
   1         -3.0      0.000      0.000
   2         -2.4      1.617      2.075
   3         -2.1     18.711     24.517
   4         -2.0      2.082      2.602
   5         -2.0      1.777      2.476
   6         -2.0     17.592     25.655
   7         -1.9     17.671     25.499
   8         -1.9     26.356     34.352
   9         -1.8     18.459     24.239
Writing output ... done.
